[0m02:09:11.769258 [debug] [MainThread]: Sending event: {'category': 'dbt', 'action': 'invocation', 'label': 'start', 'context': [<snowplow_tracker.self_describing_json.SelfDescribingJson object at 0x0000017AA80FD2B0>, <snowplow_tracker.self_describing_json.SelfDescribingJson object at 0x0000017AAA413ED0>, <snowplow_tracker.self_describing_json.SelfDescribingJson object at 0x0000017AAA413B10>]}


============================== 02:09:11.776847 | 2e77574b-24e4-4a5f-909b-a2c1493f1f89 ==============================
[0m02:09:11.776847 [info ] [MainThread]: Running with dbt=1.11.8
[0m02:09:11.778204 [debug] [MainThread]: running dbt with arguments {'version_check': 'True', 'no_print': 'None', 'static_parser': 'True', 'target_path': 'None', 'warn_error_options': 'WarnErrorOptionsV2(error=[], warn=[], silence=[])', 'printer_width': '80', 'write_json': 'True', 'empty': 'None', 'log_cache_events': 'False', 'introspect': 'True', 'cache_selected_only': 'False', 'fail_fast': 'False', 'debug': 'False', 'log_format': 'default', 'profiles_dir': 'C:\\Users\\DELL\\.dbt', 'send_anonymous_usage_stats': 'True', 'quiet': 'False', 'warn_error': 'None', 'partial_parse': 'True', 'invocation_command': 'dbt init ecommerce_dbt', 'indirect_selection': 'eager', 'use_colors': 'True', 'use_experimental_parser': 'False', 'log_path': 'logs'}
[0m02:09:11.809923 [info ] [MainThread]: Creating dbt configuration folder at C:\Users\DELL\.dbt
[0m02:09:11.813487 [debug] [MainThread]: Starter project path: D:\ecommerce-churn-platform\venv\Lib\site-packages\dbt\include\starter_project
[0m02:09:11.871065 [info ] [MainThread]: 
Your new dbt project "ecommerce_dbt" was created!

For more information on how to configure the profiles.yml file,
please consult the dbt documentation here:

  https://docs.getdbt.com/docs/configure-your-profile

One more thing:

Need help? Don't hesitate to reach out to us via GitHub issues or on Slack:

  https://community.getdbt.com/

Happy modeling!

[0m02:09:11.872234 [info ] [MainThread]: Setting up your profile.
[0m02:12:04.584199 [info ] [MainThread]: Profile ecommerce_dbt written to C:\Users\DELL\.dbt\profiles.yml using target's profile_template.yml and your supplied values. Run 'dbt debug' to validate the connection.
[0m02:12:04.587065 [debug] [MainThread]: Command `dbt init` succeeded at 02:12:04.586784 after 173.06 seconds
[0m02:12:04.587650 [debug] [MainThread]: Sending event: {'category': 'dbt', 'action': 'invocation', 'label': 'end', 'context': [<snowplow_tracker.self_describing_json.SelfDescribingJson object at 0x0000017AAA604C30>, <snowplow_tracker.self_describing_json.SelfDescribingJson object at 0x0000017AAA608CB0>, <snowplow_tracker.self_describing_json.SelfDescribingJson object at 0x0000017AA92BFDF0>]}
[0m02:12:04.588672 [debug] [MainThread]: Flushing usage events
[0m02:12:06.904396 [debug] [MainThread]: An error was encountered while trying to flush usage events
[0m02:12:38.398026 [debug] [MainThread]: Sending event: {'category': 'dbt', 'action': 'invocation', 'label': 'start', 'context': [<snowplow_tracker.self_describing_json.SelfDescribingJson object at 0x000001EEC08B52B0>, <snowplow_tracker.self_describing_json.SelfDescribingJson object at 0x000001EEC2BDBED0>, <snowplow_tracker.self_describing_json.SelfDescribingJson object at 0x000001EEC2BDBB10>]}


============================== 02:12:38.403965 | aa28b7cb-a66f-4ae4-977c-d821dc1e1cb1 ==============================
[0m02:12:38.403965 [info ] [MainThread]: Running with dbt=1.11.8
[0m02:12:38.404812 [debug] [MainThread]: running dbt with arguments {'static_parser': 'True', 'no_print': 'None', 'version_check': 'True', 'target_path': 'None', 'warn_error_options': 'WarnErrorOptionsV2(error=[], warn=[], silence=[])', 'printer_width': '80', 'write_json': 'True', 'empty': 'None', 'log_cache_events': 'False', 'introspect': 'True', 'cache_selected_only': 'False', 'log_format': 'default', 'debug': 'False', 'fail_fast': 'False', 'profiles_dir': 'C:\\Users\\DELL\\.dbt', 'send_anonymous_usage_stats': 'True', 'quiet': 'False', 'warn_error': 'None', 'partial_parse': 'True', 'invocation_command': 'dbt debug', 'use_colors': 'True', 'indirect_selection': 'eager', 'use_experimental_parser': 'False', 'log_path': 'logs'}
[0m02:12:38.448952 [info ] [MainThread]: dbt version: 1.11.8
[0m02:12:38.449572 [info ] [MainThread]: python version: 3.13.3
[0m02:12:38.450286 [info ] [MainThread]: python path: D:\ecommerce-churn-platform\venv\Scripts\python.exe
[0m02:12:38.450934 [info ] [MainThread]: os info: Windows-11-10.0.26200-SP0
[0m02:12:38.565152 [info ] [MainThread]: Using profiles dir at C:\Users\DELL\.dbt
[0m02:12:38.566455 [info ] [MainThread]: Using profiles.yml file at C:\Users\DELL\.dbt\profiles.yml
[0m02:12:38.567627 [info ] [MainThread]: Using dbt_project.yml file at D:\ecommerce-churn-platform\dbt_project\dbt_project.yml
[0m02:12:38.570432 [info ] [MainThread]: adapter type: postgres
[0m02:12:38.571497 [info ] [MainThread]: adapter version: 1.10.0
[0m02:12:38.572733 [info ] [MainThread]: Configuration:
[0m02:12:38.573962 [info ] [MainThread]:   profiles.yml file [[32mOK found and valid[0m]
[0m02:12:38.575813 [info ] [MainThread]:   dbt_project.yml file [[31mERROR not found[0m]
[0m02:12:38.577228 [info ] [MainThread]: Required dependencies:
[0m02:12:38.578646 [debug] [MainThread]: Executing "git --help"
[0m02:12:39.968794 [debug] [MainThread]: STDOUT: "b"usage: git [-v | --version] [-h | --help] [-C <path>] [-c <name>=<value>]\n           [--exec-path[=<path>]] [--html-path] [--man-path] [--info-path]\n           [-p | --paginate | -P | --no-pager] [--no-replace-objects] [--no-lazy-fetch]\n           [--no-optional-locks] [--no-advice] [--bare] [--git-dir=<path>]\n           [--work-tree=<path>] [--namespace=<name>] [--config-env=<name>=<envvar>]\n           <command> [<args>]\n\nThese are common Git commands used in various situations:\n\nstart a working area (see also: git help tutorial)\n   clone      Clone a repository into a new directory\n   init       Create an empty Git repository or reinitialize an existing one\n\nwork on the current change (see also: git help everyday)\n   add        Add file contents to the index\n   mv         Move or rename a file, a directory, or a symlink\n   restore    Restore working tree files\n   rm         Remove files from the working tree and from the index\n\nexamine the history and state (see also: git help revisions)\n   bisect     Use binary search to find the commit that introduced a bug\n   diff       Show changes between commits, commit and working tree, etc\n   grep       Print lines matching a pattern\n   log        Show commit logs\n   show       Show various types of objects\n   status     Show the working tree status\n\ngrow, mark and tweak your common history\n   backfill   Download missing objects in a partial clone\n   branch     List, create, or delete branches\n   commit     Record changes to the repository\n   merge      Join two or more development histories together\n   rebase     Reapply commits on top of another base tip\n   reset      Set `HEAD` or the index to a known state\n   switch     Switch branches\n   tag        Create, list, delete or verify tags\n\ncollaborate (see also: git help workflows)\n   fetch      Download objects and refs from another repository\n   pull       Fetch from and integrate with another repository or a local branch\n   push       Update remote refs along with associated objects\n\n'git help -a' and 'git help -g' list available subcommands and some\nconcept guides. See 'git help <command>' or 'git help <concept>'\nto read about a specific subcommand or concept.\nSee 'git help git' for an overview of the system.\n""
[0m02:12:39.969317 [debug] [MainThread]: STDERR: "b''"
[0m02:12:39.969917 [info ] [MainThread]:  - git [[32mOK found[0m]

[0m02:12:39.970945 [info ] [MainThread]: Connection:
[0m02:12:39.972199 [info ] [MainThread]:   host: localhost
[0m02:12:39.973112 [info ] [MainThread]:   port: 5432
[0m02:12:39.973837 [info ] [MainThread]:   user: analytics_user
[0m02:12:39.974451 [info ] [MainThread]:   database: ecommerce_analytics
[0m02:12:39.975206 [info ] [MainThread]:   schema: analytics
[0m02:12:39.976121 [info ] [MainThread]:   connect_timeout: 10
[0m02:12:39.976894 [info ] [MainThread]:   role: None
[0m02:12:39.977451 [info ] [MainThread]:   search_path: None
[0m02:12:39.978123 [info ] [MainThread]:   keepalives_idle: 0
[0m02:12:39.978584 [info ] [MainThread]:   sslmode: None
[0m02:12:39.979354 [info ] [MainThread]:   sslcert: None
[0m02:12:39.980022 [info ] [MainThread]:   sslkey: None
[0m02:12:39.980670 [info ] [MainThread]:   sslrootcert: None
[0m02:12:39.981282 [info ] [MainThread]:   application_name: dbt
[0m02:12:39.981950 [info ] [MainThread]:   retries: 1
[0m02:12:39.982838 [info ] [MainThread]: Registered adapter: postgres=1.10.0
[0m02:12:40.268350 [debug] [MainThread]: Acquiring new postgres connection 'debug'
[0m02:12:47.016995 [debug] [MainThread]: Using postgres connection "debug"
[0m02:12:47.017430 [debug] [MainThread]: On debug: select 1 as id
[0m02:12:47.017709 [debug] [MainThread]: Opening a new connection, currently in state init
[0m02:12:47.072950 [debug] [MainThread]: SQL status: SELECT 1 in 0.055 seconds
[0m02:12:47.074249 [debug] [MainThread]: On debug: Close
[0m02:12:47.075025 [info ] [MainThread]:   Connection test: [[32mOK connection ok[0m]

[0m02:12:47.075904 [info ] [MainThread]: [31m1 check failed:[0m
[0m02:12:47.077112 [info ] [MainThread]: Project loading failed for the following reason:
 project path <D:\ecommerce-churn-platform\dbt_project\dbt_project.yml> not found

[0m02:12:47.078879 [debug] [MainThread]: Command `dbt debug` failed at 02:12:47.078656 after 8.96 seconds
[0m02:12:47.079460 [debug] [MainThread]: Connection 'debug' was properly closed.
[0m02:12:47.079958 [debug] [MainThread]: Sending event: {'category': 'dbt', 'action': 'invocation', 'label': 'end', 'context': [<snowplow_tracker.self_describing_json.SelfDescribingJson object at 0x000001EEC2DCAD70>, <snowplow_tracker.self_describing_json.SelfDescribingJson object at 0x000001EEC2F28B90>, <snowplow_tracker.self_describing_json.SelfDescribingJson object at 0x000001EEC2C786B0>]}
[0m02:12:47.080461 [debug] [MainThread]: Flushing usage events
[0m02:12:49.394064 [debug] [MainThread]: An error was encountered while trying to flush usage events
